<?xml version="1.0" encoding="UTF-8"?>
<!-- Generated by org.testng.reporters.JUnitReportReporter -->
<testsuite hostname="BOTPROCESSER" failures="0" tests="1" name="com.batchexecution.project" time="2.907" errors="0" timestamp="2020-01-26T12:26:48 IST" skipped="0">
  <testcase classname="com.batchexecution.project" name="creationproject" time="2.907"/>
</testsuite> <!-- com.batchexecution.project -->
