<?xml version="1.0" encoding="UTF-8"?>
<!-- Generated by org.testng.reporters.JUnitReportReporter -->
<testsuite hostname="BOTPROCESSER" failures="0" tests="1" name="com.batchexecution.Customer" time="3.182" errors="0" timestamp="2020-01-26T12:26:48 IST" skipped="0">
  <testcase classname="com.batchexecution.Customer" name="creationCustomer" time="3.182"/>
</testsuite> <!-- com.batchexecution.Customer -->
