<?xml version="1.0" encoding="UTF-8"?>
<!-- Generated by org.testng.reporters.JUnitReportReporter -->
<testsuite hostname="BOTPROCESSER" failures="0" tests="1" name="com.Page_Object_Model.Main_TestScript" time="13.053" errors="0" timestamp="2020-02-10T07:28:21 IST" skipped="0">
  <testcase classname="com.Page_Object_Model.Main_TestScript" name="createcustomer" time="13.053"/>
</testsuite> <!-- com.Page_Object_Model.Main_TestScript -->
